Start testing: Jun 18 15:29 KST
----------------------------------------------------------
1/1 Testing: program01
1/1 Test: program01
Command: "/Users/lewis/Desktop/test/build/src/week01/program01"
Directory: /Users/lewis/Desktop/test/build/src/week01
"program01" start time: Jun 18 15:29 KST
Output:
----------------------------------------------------------
[doctest] doctest version is "2.4.9"
[doctest] run with "--help" for options
Test: Testing CorrectStream
Test: Testing negate
Test: Testing existHigher
Test: Testing addEnding
Test: Testing differenceMaxMin
===============================================================================
[doctest] test cases:  5 |  5 passed | 0 failed | 0 skipped
[doctest] assertions: 20 | 20 passed | 0 failed |
[doctest] Status: SUCCESS!
<end of output>
Test time =   0.33 sec
----------------------------------------------------------
Test Passed.
"program01" end time: Jun 18 15:29 KST
"program01" time elapsed: 00:00:00
----------------------------------------------------------

End testing: Jun 18 15:29 KST
