<?xml version="1.0" encoding="UTF-8"?>
<Site BuildName="Darwin-clang++"
	BuildStamp="20240617-0442-Experimental"
	Name="gimjusecBookPro"
	Generator="ctest-3.29.5"
	CompilerName="/usr/bin/clang++"
	CompilerVersion="14.0.3.14030022"
	OSName="macOS"
	Hostname="gimjuseong-ui-MacBookPro.local"
	OSRelease="13.0.1"
	OSVersion="22A400"
	OSPlatform="x86_64"
	Is64Bits="1"
	VendorString="GenuineIntel"
	VendorID="Intel Corporation"
	FamilyID="6"
	ModelID="142"
	ProcessorCacheSize="32768"
	NumberOfLogicalCPU="8"
	NumberOfPhysicalCPU="4"
	TotalVirtualMemory="2048"
	TotalPhysicalMemory="8192"
	LogicalProcessorsPerPhysical="8"
	ProcessorClockFrequency="1400"
	>
	<Testing>
		<StartDateTime>Jun 17 19:59 KST</StartDateTime>
		<StartTestTime>1718621990</StartTestTime>
		<TestList/>
		<EndDateTime>Jun 17 19:59 KST</EndDateTime>
		<EndTestTime>1718621990</EndTestTime>
		<ElapsedMinutes>0</ElapsedMinutes>
	</Testing>
</Site>
